<?xml version="1.0" encoding="UTF-8"?>
<!-- Generated by org.testng.reporters.JUnitXMLReporter -->
<testsuite ignored="0" hostname="ATMECSINDT-080" failures="0" tests="6" name="ie" time="23.984" errors="0" timestamp="24 Oct 2019 11:41:26 GMT">
  <testcase classname="com.atmecs.konakart.testbase.InvokeBrowser" name="setup" time="17.92"/>
  <testcase classname="com.atmecs.konakart.testscripts.SearchPage" name="clickOnSearch" time="0.292"/>
  <testcase classname="com.atmecs.konakart.testscripts.SearchPage" name="selectFromDropDown" time="0.145"/>
  <testcase classname="com.atmecs.konakart.testscripts.SearchPage" name="enterData" time="2.24"/>
  <testcase classname="com.atmecs.konakart.testscripts.SearchPage" name="enterData" time="1.235"/>
  <testcase classname="com.atmecs.konakart.testscripts.SearchPage" name="enterData" time="1.271"/>
</testsuite> <!-- ie -->
