<?xml version="1.0" encoding="UTF-8"?>
<!-- Generated by org.testng.reporters.JUnitXMLReporter -->
<testsuite ignored="0" hostname="ATMECSINDT-080" failures="0" tests="5" name="Test3" time="32.632" errors="0" timestamp="07 Nov 2019 11:30:50 GMT">
  <testcase classname="com.atmecs.konakart.testscripts.SearchPage" name="clickOnSearch" time="0.326"/>
  <testcase classname="com.atmecs.konakart.testscripts.SearchPage" name="selectFromDropDown" time="0.268"/>
  <testcase classname="com.atmecs.konakart.testscripts.SearchPage" name="enterData" time="3.192"/>
  <testcase classname="com.atmecs.konakart.testscripts.SearchPage" name="enterData" time="5.262"/>
  <testcase classname="com.atmecs.konakart.testscripts.SearchPage" name="enterData" time="2.047"/>
</testsuite> <!-- Test3 -->
