<?xml version="1.0" encoding="UTF-8"?>
<!-- Generated by org.testng.reporters.JUnitXMLReporter -->
<testsuite ignored="0" hostname="ATMECSINDT-080" failures="0" tests="5" name="Test1" time="19.341" errors="0" timestamp="08 Nov 2019 04:22:53 GMT">
  <testcase classname="com.atmecs.konakart.testscripts.SearchPage" name="clickOnSearch" time="0.781"/>
  <testcase classname="com.atmecs.konakart.testscripts.SearchPage" name="selectFromDropDown" time="0.191"/>
  <testcase classname="com.atmecs.konakart.testscripts.SearchPage" name="enterData" time="2.082"/>
  <testcase classname="com.atmecs.konakart.testscripts.SearchPage" name="enterData" time="1.9"/>
  <testcase classname="com.atmecs.konakart.testscripts.SearchPage" name="enterData" time="4.251"/>
</testsuite> <!-- Test1 -->
