<?xml version="1.0" encoding="UTF-8"?>
<!-- Generated by org.testng.reporters.JUnitXMLReporter -->
<testsuite ignored="0" hostname="ATMECSINDT-080" failures="0" tests="5" name="Test2" time="28.391" errors="0" timestamp="07 Nov 2019 11:30:46 GMT">
  <testcase classname="com.atmecs.konakart.testscripts.SearchPage" name="clickOnSearch" time="0.165"/>
  <testcase classname="com.atmecs.konakart.testscripts.SearchPage" name="selectFromDropDown" time="0.068"/>
  <testcase classname="com.atmecs.konakart.testscripts.SearchPage" name="enterData" time="3.445"/>
  <testcase classname="com.atmecs.konakart.testscripts.SearchPage" name="enterData" time="1.459"/>
  <testcase classname="com.atmecs.konakart.testscripts.SearchPage" name="enterData" time="1.356"/>
</testsuite> <!-- Test2 -->
